Copyright 1986-2016 Xilinx, Inc. All Rights Reserved.
------------------------------------------------------------------------------------------------
| Tool Version : Vivado v.2016.4 (lin64) Build 1733598 Wed Dec 14 22:35:42 MST 2016
| Date         : Fri Jul  7 16:45:51 2017
| Host         : zxdpc running 64-bit CentOS Linux release 7.3.1611 (Core)
| Command      : report_clock_utilization -file top5x2_7to1_ddr_tx_clock_utilization_routed.rpt
| Design       : top5x2_7to1_ddr_tx
| Device       : 7a100t-fgg676
| Speed File   : -2  PRODUCTION 1.16 2016-11-09
------------------------------------------------------------------------------------------------

Clock Utilization Report

Table of Contents
-----------------
1. Clock Primitive Utilization
2. Global Clock Resources
3. Global Clock Source Details
4. Clock Regions: Key Resource Utilization
5. Clock Regions : Global Clock Summary
6. Cell Type Counts per Global Clock: Region X1Y1
7. Load Cell Placement Summary for Global Clock g0
8. Load Cell Placement Summary for Global Clock g1
9. Load Cell Placement Summary for Global Clock g2
10. Load Cell Placement Summary for Global Clock g3

1. Clock Primitive Utilization
------------------------------

+----------+------+-----------+-----+--------------+--------+
| Type     | Used | Available | LOC | Clock Region | Pblock |
+----------+------+-----------+-----+--------------+--------+
| BUFGCTRL |    1 |        32 |   0 |            0 |      0 |
| BUFH     |    1 |        96 |   0 |            0 |      0 |
| BUFIO    |    0 |        24 |   0 |            0 |      0 |
| BUFMR    |    0 |        12 |   0 |            0 |      0 |
| BUFR     |    2 |        24 |   0 |            0 |      0 |
| MMCM     |    1 |         6 |   1 |            0 |      0 |
| PLL      |    0 |         6 |   0 |            0 |      0 |
+----------+------+-----------+-----+--------------+--------+


2. Global Clock Resources
-------------------------

+-----------+-----------+-----------------+------------+----------------+--------------+------+-------------------+-------------------+-------------+-----------------+--------------+--------------+-----------------------------+---------------------+
| Global Id | Source Id | Driver Type/Pin | Constraint | Site           | Clock Region | Root | Clock Delay Group | Load Clock Region | Clock Loads | Non-Clock Loads | Clock Period | Clock        | Driver Pin                  | Net                 |
+-----------+-----------+-----------------+------------+----------------+--------------+------+-------------------+-------------------+-------------+-----------------+--------------+--------------+-----------------------------+---------------------+
| g0        | src0      | BUFR/O          | None       | BUFR_X1Y5      | X1Y1         |      |                   |                 1 |         112 |               0 |       10.000 | tx_pixel_clk | clkgen/loop8.bufr_mmcm_x1/O | clkgen/pixel_clk    |
| g1        | src0      | BUFR/O          | None       | BUFR_X1Y4      | X1Y1         |      |                   |                 1 |          32 |               0 |       20.000 | txclk_div    | clkgen/loop8.bufr_mmcm_d2/O | clkgen/txclk_div    |
| g2        | src0      | BUFH/O          | None       | BUFHCE_X1Y12   | X1Y1         |      |                   |                 1 |          24 |               0 |        2.857 | txpllmmcm_xn | clkgen/loop8.bufh_mmcm_xn/O | clkgen/txclk        |
| g3        | src1      | BUFG/O          | None       | BUFGCTRL_X0Y31 | n/a          |      |                   |                 1 |           1 |               0 |       10.000 | freqgen      | clkgen/clk_iob_in/BUFG/O    | clkgen/clk_iob_in/O |
+-----------+-----------+-----------------+------------+----------------+--------------+------+-------------------+-------------------+-------------+-----------------+--------------+--------------+-----------------------------+---------------------+
* Clock Loads column represents the clock pin loads (pin count)
** Non-Clock Loads column represents the non-clock pin loads (pin count)


3. Global Clock Source Details
------------------------------

+-----------+-----------+---------------------+-----------------+-----------------+--------------+-------------+-----------------+---------------------+--------------+------------------------------------------+--------------------------------+
| Source Id | Global Id | Driver Type/Pin     | Constraint      | Site            | Clock Region | Clock Loads | Non-Clock Loads | Source Clock Period | Source Clock | Driver Pin                               | Net                            |
+-----------+-----------+---------------------+-----------------+-----------------+--------------+-------------+-----------------+---------------------+--------------+------------------------------------------+--------------------------------+
| src0      | g1        | MMCME2_ADV/CLKOUT1  | MMCME2_ADV_X1Y1 | MMCME2_ADV_X1Y1 | X1Y1         |           1 |               0 |              20.000 | txpllmmcm_d2 | clkgen/loop8.tx_mmcme2_adv_inst/CLKOUT1  | clkgen/txpllmmcm_d2            |
| src0      | g0        | MMCME2_ADV/CLKFBOUT | MMCME2_ADV_X1Y1 | MMCME2_ADV_X1Y1 | X1Y1         |           1 |               0 |              10.000 | txpllmmcm_x1 | clkgen/loop8.tx_mmcme2_adv_inst/CLKFBOUT | clkgen/txpllmmcm_x1            |
| src0      | g2        | MMCME2_ADV/CLKOUT0  | MMCME2_ADV_X1Y1 | MMCME2_ADV_X1Y1 | X1Y1         |           1 |               0 |               2.857 | txpllmmcm_xn | clkgen/loop8.tx_mmcme2_adv_inst/CLKOUT0  | clkgen/txpllmmcm_xn            |
| src1      | g3        | IBUF/O              | IOB_X1Y126      | IOB_X1Y126      | X1Y2         |           1 |               0 |              10.000 | freqgen      | clkgen/clk_iob_in/IBUF/O                 | clkgen/clk_iob_in/IBUFG_2_BUFG |
+-----------+-----------+---------------------+-----------------+-----------------+--------------+-------------+-----------------+---------------------+--------------+------------------------------------------+--------------------------------+
* Clock Loads column represents the clock pin loads (pin count)
** Non-Clock Loads column represents the non-clock pin loads (pin count)


4. Clock Regions: Key Resource Utilization
------------------------------------------

+-------------------+--------------+--------------+--------------+--------------+--------------+--------------+--------------+--------------+--------------+--------------+--------------+--------------+--------------+--------------+--------------+
|                   | Global Clock |     BUFRs    |    BUFMRs    |    BUFIOs    |     MMCM     |      PLL     |      GT      |      PCI     |    ILOGIC    |    OLOGIC    |      FF      |     LUTM     |    RAMB18    |    RAMB36    |    DSP48E2   |
+-------------------+------+-------+------+-------+------+-------+------+-------+------+-------+------+-------+------+-------+------+-------+------+-------+------+-------+------+-------+------+-------+------+-------+------+-------+------+-------+
| Clock Region Name | Used | Avail | Used | Avail | Used | Avail | Used | Avail | Used | Avail | Used | Avail | Used | Avail | Used | Avail | Used | Avail | Used | Avail | Used | Avail | Used | Avail | Used | Avail | Used | Avail | Used | Avail |
+-------------------+------+-------+------+-------+------+-------+------+-------+------+-------+------+-------+------+-------+------+-------+------+-------+------+-------+------+-------+------+-------+------+-------+------+-------+------+-------+
| X0Y0              |    0 |    12 |    0 |     4 |    0 |     2 |    0 |     4 |    0 |     1 |    0 |     1 |    0 |     0 |    0 |     0 |    0 |    50 |    0 |    50 |    0 |  2600 |    0 |   600 |    0 |    20 |    0 |    10 |    0 |    20 |
| X1Y0              |    0 |    12 |    0 |     0 |    0 |     0 |    0 |     0 |    0 |     0 |    0 |     0 |    0 |     4 |    0 |     0 |    0 |     0 |    0 |     0 |    0 |  1500 |    0 |   550 |    0 |    40 |    0 |    20 |    0 |    40 |
| X0Y1              |    0 |    12 |    0 |     4 |    0 |     2 |    0 |     4 |    0 |     1 |    0 |     1 |    0 |     0 |    0 |     0 |    0 |    50 |    0 |    50 |    0 |  2000 |    0 |   600 |    0 |    20 |    0 |    10 |    0 |    20 |
| X1Y1              |    4 |    12 |    2 |     4 |    0 |     2 |    0 |     4 |    1 |     1 |    0 |     1 |    0 |     0 |    0 |     0 |    0 |    50 |   24 |    50 |  119 |  1900 |   52 |   650 |    0 |    60 |    0 |    30 |    0 |    40 |
| X0Y2              |    0 |    12 |    0 |     4 |    0 |     2 |    0 |     4 |    0 |     1 |    0 |     1 |    0 |     0 |    0 |     0 |    0 |    50 |    0 |    50 |    0 |  2000 |    0 |   600 |    0 |    20 |    0 |    10 |    0 |    20 |
| X1Y2              |    0 |    12 |    0 |     4 |    0 |     2 |    0 |     4 |    0 |     1 |    0 |     1 |    0 |     0 |    0 |     0 |    0 |    50 |    0 |    50 |    0 |  1900 |    0 |   650 |    0 |    60 |    0 |    30 |    0 |    40 |
| X0Y3              |    0 |    12 |    0 |     4 |    0 |     2 |    0 |     4 |    0 |     1 |    0 |     1 |    0 |     0 |    0 |     0 |    0 |    50 |    0 |    50 |    0 |  2600 |    0 |   600 |    0 |    20 |    0 |    10 |    0 |    20 |
| X1Y3              |    0 |    12 |    0 |     0 |    0 |     0 |    0 |     0 |    0 |     0 |    0 |     0 |    0 |     4 |    0 |     1 |    0 |     0 |    0 |     0 |    0 |  1350 |    0 |   500 |    0 |    30 |    0 |    15 |    0 |    40 |
+-------------------+------+-------+------+-------+------+-------+------+-------+------+-------+------+-------+------+-------+------+-------+------+-------+------+-------+------+-------+------+-------+------+-------+------+-------+------+-------+
* Global Clock column represents track count; while other columns represents cell counts


5. Clock Regions : Global Clock Summary
---------------------------------------

+----+----+----+
|    | X0 | X1 |
+----+----+----+
| Y3 |  0 |  0 |
| Y2 |  0 |  0 |
| Y1 |  0 |  4 |
| Y0 |  0 |  0 |
+----+----+----+


6. Cell Type Counts per Global Clock: Region X1Y1
-------------------------------------------------

+-----------+-------+-----------------+------------+-------------+-----------------+-----+--------+------+-----+----+------+-----+---------+---------------------+
| Global Id | Track | Driver Type/Pin | Constraint | Clock Loads | Non-Clock Loads | FF  | LUTRAM | RAMB | DSP | GT | MMCM | PLL | Hard IP | Net                 |
+-----------+-------+-----------------+------------+-------------+-----------------+-----+--------+------+-----+----+------+-----+---------+---------------------+
| g0        | n/a   | BUFR/O          | None       |         112 |               0 | 111 |      0 |    0 |   0 |  0 |    1 |   0 |       0 | clkgen/pixel_clk    |
| g1        | n/a   | BUFR/O          | None       |          32 |               0 |   8 |      0 |    0 |   0 |  0 |    0 |   0 |       0 | clkgen/txclk_div    |
| g2        | n/a   | BUFH/O          | None       |          24 |               0 |   0 |      0 |    0 |   0 |  0 |    0 |   0 |       0 | clkgen/txclk        |
| g3        | n/a   | BUFG/O          | None       |           1 |               0 |   0 |      0 |    0 |   0 |  0 |    1 |   0 |       0 | clkgen/clk_iob_in/O |
+-----------+-------+-----------------+------------+-------------+-----------------+-----+--------+------+-----+----+------+-----+---------+---------------------+
* Clock Loads column represents the clock pin loads (pin count)
** Non-Clock Loads column represents the non-clock pin loads (pin count)
*** Columns FF, LUTRAM, RAMB through 'Hard IP' represents load cell counts


7. Load Cell Placement Summary for Global Clock g0
--------------------------------------------------

+-----------+-----------------+-------------------+--------------+-------------+---------------+----------+-------------+----------+----------------+----------+------------------+
| Global Id | Driver Type/Pin | Driver Region (D) | Clock        | Period (ns) | Waveform (ns) | Root (R) | Slice Loads | IO Loads | Clocking Loads | GT Loads | Net              |
+-----------+-----------------+-------------------+--------------+-------------+---------------+----------+-------------+----------+----------------+----------+------------------+
| g0        | BUFR/O          | X1Y1              | tx_pixel_clk |      10.000 | {0.000 5.000} |          |         111 |        0 |              1 |        0 | clkgen/pixel_clk |
+-----------+-----------------+-------------------+--------------+-------------+---------------+----------+-------------+----------+----------------+----------+------------------+
* Slice Loads column represents load cell count of all cell types other than IO, GT and clock resources
** IO Loads column represents load cell count of IO types
*** Clocking Loads column represents load cell count that are clock resources (global clock buffer, MMCM, PLL, etc)
**** GT Loads column represents load cell count of GT types


+----+----+----------+
|    | X0 | X1       |
+----+----+----------+
| Y3 |  0 |        0 |
| Y2 |  0 |        0 |
| Y1 |  0 |  (D) 112 |
| Y0 |  0 |        0 |
+----+----+----------+


8. Load Cell Placement Summary for Global Clock g1
--------------------------------------------------

+-----------+-----------------+-------------------+-----------+-------------+----------------+----------+-------------+----------+----------------+----------+------------------+
| Global Id | Driver Type/Pin | Driver Region (D) | Clock     | Period (ns) | Waveform (ns)  | Root (R) | Slice Loads | IO Loads | Clocking Loads | GT Loads | Net              |
+-----------+-----------------+-------------------+-----------+-------------+----------------+----------+-------------+----------+----------------+----------+------------------+
| g1        | BUFR/O          | X1Y1              | txclk_div |      20.000 | {0.000 10.000} |          |           8 |       24 |              0 |        0 | clkgen/txclk_div |
+-----------+-----------------+-------------------+-----------+-------------+----------------+----------+-------------+----------+----------------+----------+------------------+
* Slice Loads column represents load cell count of all cell types other than IO, GT and clock resources
** IO Loads column represents load cell count of IO types
*** Clocking Loads column represents load cell count that are clock resources (global clock buffer, MMCM, PLL, etc)
**** GT Loads column represents load cell count of GT types


+----+----+---------+
|    | X0 | X1      |
+----+----+---------+
| Y3 |  0 |       0 |
| Y2 |  0 |       0 |
| Y1 |  0 |  (D) 32 |
| Y0 |  0 |       0 |
+----+----+---------+


9. Load Cell Placement Summary for Global Clock g2
--------------------------------------------------

+-----------+-----------------+-------------------+--------------+-------------+---------------+----------+-------------+----------+----------------+----------+--------------+
| Global Id | Driver Type/Pin | Driver Region (D) | Clock        | Period (ns) | Waveform (ns) | Root (R) | Slice Loads | IO Loads | Clocking Loads | GT Loads | Net          |
+-----------+-----------------+-------------------+--------------+-------------+---------------+----------+-------------+----------+----------------+----------+--------------+
| g2        | BUFH/O          | X1Y1              | txpllmmcm_xn |       2.857 | {0.000 1.429} |          |           0 |       24 |              0 |        0 | clkgen/txclk |
+-----------+-----------------+-------------------+--------------+-------------+---------------+----------+-------------+----------+----------------+----------+--------------+
* Slice Loads column represents load cell count of all cell types other than IO, GT and clock resources
** IO Loads column represents load cell count of IO types
*** Clocking Loads column represents load cell count that are clock resources (global clock buffer, MMCM, PLL, etc)
**** GT Loads column represents load cell count of GT types


+----+----+---------+
|    | X0 | X1      |
+----+----+---------+
| Y3 |  0 |       0 |
| Y2 |  0 |       0 |
| Y1 |  0 |  (D) 24 |
| Y0 |  0 |       0 |
+----+----+---------+


10. Load Cell Placement Summary for Global Clock g3
---------------------------------------------------

+-----------+-----------------+-------------------+---------+-------------+---------------+----------+-------------+----------+----------------+----------+---------------------+
| Global Id | Driver Type/Pin | Driver Region (D) | Clock   | Period (ns) | Waveform (ns) | Root (R) | Slice Loads | IO Loads | Clocking Loads | GT Loads | Net                 |
+-----------+-----------------+-------------------+---------+-------------+---------------+----------+-------------+----------+----------------+----------+---------------------+
| g3        | BUFG/O          | n/a               | freqgen |      10.000 | {0.000 5.000} |          |           0 |        0 |              1 |        0 | clkgen/clk_iob_in/O |
+-----------+-----------------+-------------------+---------+-------------+---------------+----------+-------------+----------+----------------+----------+---------------------+
* Slice Loads column represents load cell count of all cell types other than IO, GT and clock resources
** IO Loads column represents load cell count of IO types
*** Clocking Loads column represents load cell count that are clock resources (global clock buffer, MMCM, PLL, etc)
**** GT Loads column represents load cell count of GT types


+----+----+----+
|    | X0 | X1 |
+----+----+----+
| Y3 |  0 |  0 |
| Y2 |  0 |  0 |
| Y1 |  0 |  1 |
| Y0 |  0 |  0 |
+----+----+----+



# Location of BUFG Primitives 
set_property LOC BUFGCTRL_X0Y31 [get_cells clkgen/clk_iob_in]

# Location of BUFH Primitives 
set_property LOC BUFHCE_X1Y12 [get_cells clkgen/loop8.bufh_mmcm_xn]

# Location of BUFR Primitives 
set_property LOC BUFR_X1Y4 [get_cells clkgen/loop8.bufr_mmcm_d2]
set_property LOC BUFR_X1Y5 [get_cells clkgen/loop8.bufr_mmcm_x1]

# Location of IO Primitives which is load of clock spine

# Location of clock ports
set_property LOC IOB_X1Y126 [get_ports freqgen]

# Clock net "clkgen/txclk_div" driven by instance "clkgen/loop8.bufr_mmcm_d2" located at site "BUFR_X1Y4"
#startgroup
create_pblock {CLKAG_clkgen/txclk_div}
add_cells_to_pblock [get_pblocks  {CLKAG_clkgen/txclk_div}] [get_cells -filter { PRIMITIVE_GROUP != I/O && IS_PRIMITIVE==1 && PRIMITIVE_LEVEL !=INTERNAL } -of_object [get_pins -filter {DIRECTION==IN} -of_objects [get_nets -hierarchical -filter {PARENT=="clkgen/txclk_div"}]]]
resize_pblock [get_pblocks {CLKAG_clkgen/txclk_div}] -add {CLOCKREGION_X1Y1:CLOCKREGION_X1Y1}
#endgroup

# Clock net "clkgen/txclk" driven by instance "clkgen/loop8.bufh_mmcm_xn" located at site "BUFHCE_X1Y12"
#startgroup
create_pblock {CLKAG_clkgen/txclk}
add_cells_to_pblock [get_pblocks  {CLKAG_clkgen/txclk}] [get_cells -filter { PRIMITIVE_GROUP != I/O && IS_PRIMITIVE==1 && PRIMITIVE_LEVEL !=INTERNAL } -of_object [get_pins -filter {DIRECTION==IN} -of_objects [get_nets -hierarchical -filter {PARENT=="clkgen/txclk"}]]]
resize_pblock [get_pblocks {CLKAG_clkgen/txclk}] -add {CLOCKREGION_X1Y1:CLOCKREGION_X1Y1}
#endgroup

# Clock net "clkgen/pixel_clk" driven by instance "clkgen/loop8.bufr_mmcm_x1" located at site "BUFR_X1Y5"
#startgroup
create_pblock {CLKAG_clkgen/pixel_clk}
add_cells_to_pblock [get_pblocks  {CLKAG_clkgen/pixel_clk}] [get_cells -filter { PRIMITIVE_GROUP != I/O && IS_PRIMITIVE==1 && PRIMITIVE_LEVEL !=INTERNAL && NAME!=clkgen/loop8.tx_mmcme2_adv_inst} -of_object [get_pins -filter {DIRECTION==IN} -of_objects [get_nets -hierarchical -filter {PARENT=="clkgen/pixel_clk"}]]]
resize_pblock [get_pblocks {CLKAG_clkgen/pixel_clk}] -add {CLOCKREGION_X1Y1:CLOCKREGION_X1Y1}
#endgroup
